<?xml version="1.0" encoding="UTF-8"?>
<testng-results ignored="0" total="2" passed="2" failed="0" skipped="0">
  <reporter-output>
  </reporter-output>
  <suite started-at="2024-09-26T11:08:45 IST" name="Suite" finished-at="2024-09-26T11:09:00 IST" duration-ms="14258">
    <groups>
    </groups>
    <test started-at="2024-09-26T11:08:45 IST" name="Test" finished-at="2024-09-26T11:09:00 IST" duration-ms="14258">
      <class name="com.actitime.testcases.TC1_LoginLogout">
        <test-method is-config="true" signature="setup()[pri:0, instance:com.actitime.testcases.TC1_LoginLogout@1aa7ecca]" started-at="2024-09-26T11:08:45 IST" name="setup" finished-at="2024-09-26T11:08:54 IST" duration-ms="9039" status="PASS">
          <reporter-output>
          </reporter-output>
        </test-method> <!-- setup -->
        <test-method signature="login()[pri:0, instance:com.actitime.testcases.TC1_LoginLogout@1aa7ecca]" started-at="2024-09-26T11:08:54 IST" name="login" finished-at="2024-09-26T11:08:56 IST" duration-ms="1107" status="PASS">
          <reporter-output>
          </reporter-output>
        </test-method> <!-- login -->
        <test-method signature="logout()[pri:0, instance:com.actitime.testcases.TC1_LoginLogout@1aa7ecca]" started-at="2024-09-26T11:08:56 IST" name="logout" finished-at="2024-09-26T11:08:59 IST" depends-on-methods="com.actitime.testcases.TC1_LoginLogout.login" duration-ms="3687" status="PASS">
          <reporter-output>
          </reporter-output>
        </test-method> <!-- logout -->
        <test-method is-config="true" signature="teardown()[pri:0, instance:com.actitime.testcases.TC1_LoginLogout@1aa7ecca]" started-at="2024-09-26T11:08:59 IST" name="teardown" finished-at="2024-09-26T11:09:00 IST" duration-ms="390" status="PASS">
          <reporter-output>
          </reporter-output>
        </test-method> <!-- teardown -->
      </class> <!-- com.actitime.testcases.TC1_LoginLogout -->
    </test> <!-- Test -->
  </suite> <!-- Suite -->
</testng-results>
